# JRE version: OpenJDK Runtime Environment (8.0_102-b14) (build 1.8.0_102-b14)
# Java VM: OpenJDK 64-Bit Server VM (25.102-b14 mixed mode linux-amd64 compressed oops)
Heap:
 PSYoungGen      total 144384K, used 10379K [0x00000000d6d00000, 0x00000000e0b00000, 0x0000000100000000)
  eden space 126976K, 8% used [0x00000000d6d00000,0x00000000d7722e70,0x00000000de900000)
  from space 17408K, 0% used [0x00000000dfa00000,0x00000000dfa00000,0x00000000e0b00000)
  to   space 17408K, 0% used [0x00000000de900000,0x00000000de900000,0x00000000dfa00000)
 ParOldGen       total 68096K, used 18395K [0x0000000084600000, 0x0000000088880000, 0x00000000d6d00000)
  object space 68096K, 27% used [0x0000000084600000,0x00000000857f6cf0,0x0000000088880000)
 Metaspace       used 21829K, capacity 22126K, committed 22400K, reserved 1069056K
  class space    used 2301K, capacity 2390K, committed 2432K, reserved 1048576K
GC Heap History (10 events):
Event: 0.867 GC heap before
{Heap before GC invocations=3 (full 0):
 PSYoungGen      total 36864K, used 36846K [0x00000000d6d00000, 0x00000000db500000, 0x0000000100000000)
  eden space 31744K, 100% used [0x00000000d6d00000,0x00000000d8c00000,0x00000000d8c00000)
  from space 5120K, 99% used [0x00000000d9100000,0x00000000d95fba50,0x00000000d9600000)
  to   space 5120K, 0% used [0x00000000d8c00000,0x00000000d8c00000,0x00000000d9100000)
 ParOldGen       total 84992K, used 2123K [0x0000000084600000, 0x0000000089900000, 0x00000000d6d00000)
  object space 84992K, 2% used [0x0000000084600000,0x0000000084812eb0,0x0000000089900000)
 Metaspace       used 19264K, capacity 19536K, committed 19968K, reserved 1067008K
  class space    used 2090K, capacity 2193K, committed 2304K, reserved 1048576K
Event: 0.871 GC heap after
Heap after GC invocations=3 (full 0):
 PSYoungGen      total 36864K, used 5111K [0x00000000d6d00000, 0x00000000db500000, 0x0000000100000000)
  eden space 31744K, 0% used [0x00000000d6d00000,0x00000000d6d00000,0x00000000d8c00000)
  from space 5120K, 99% used [0x00000000d8c00000,0x00000000d90fdc90,0x00000000d9100000)
  to   space 5120K, 0% used [0x00000000db000000,0x00000000db000000,0x00000000db500000)
 ParOldGen       total 84992K, used 4461K [0x0000000084600000, 0x0000000089900000, 0x00000000d6d00000)
  object space 84992K, 5% used [0x0000000084600000,0x0000000084a5b778,0x0000000089900000)
 Metaspace       used 19264K, capacity 19536K, committed 19968K, reserved 1067008K
  class space    used 2090K, capacity 2193K, committed 2304K, reserved 1048576K
}
Event: 0.955 GC heap before
{Heap before GC invocations=4 (full 0):
 PSYoungGen      total 36864K, used 36855K [0x00000000d6d00000, 0x00000000db500000, 0x0000000100000000)
  eden space 31744K, 100% used [0x00000000d6d00000,0x00000000d8c00000,0x00000000d8c00000)
  from space 5120K, 99% used [0x00000000d8c00000,0x00000000d90fdc90,0x00000000d9100000)
  to   space 5120K, 0% used [0x00000000db000000,0x00000000db000000,0x00000000db500000)
 ParOldGen       total 84992K, used 4461K [0x0000000084600000, 0x0000000089900000, 0x00000000d6d00000)
  object space 84992K, 5% used [0x0000000084600000,0x0000000084a5b778,0x0000000089900000)
 Metaspace       used 19450K, capacity 19742K, committed 19968K, reserved 1067008K
  class space    used 2104K, capacity 2194K, committed 2304K, reserved 1048576K
Event: 0.977 GC heap after
Heap after GC invocations=4 (full 0):
 PSYoungGen      total 68608K, used 5095K [0x00000000d6d00000, 0x00000000db500000, 0x0000000100000000)
  eden space 63488K, 0% used [0x00000000d6d00000,0x00000000d6d00000,0x00000000dab00000)
  from space 5120K, 99% used [0x00000000db000000,0x00000000db4f9ca0,0x00000000db500000)
  to   space 5120K, 0% used [0x00000000dab00000,0x00000000dab00000,0x00000000db000000)
 ParOldGen       total 84992K, used 13071K [0x0000000084600000, 0x0000000089900000, 0x00000000d6d00000)
  object space 84992K, 15% used [0x0000000084600000,0x00000000852c3cf0,0x0000000089900000)
 Metaspace       used 19450K, capacity 19742K, committed 19968K, reserved 1067008K
  class space    used 2104K, capacity 2194K, committed 2304K, reserved 1048576K
}
Event: 1.114 GC heap before
{Heap before GC invocations=5 (full 0):
 PSYoungGen      total 68608K, used 68583K [0x00000000d6d00000, 0x00000000db500000, 0x0000000100000000)
  eden space 63488K, 100% used [0x00000000d6d00000,0x00000000dab00000,0x00000000dab00000)
  from space 5120K, 99% used [0x00000000db000000,0x00000000db4f9ca0,0x00000000db500000)
  to   space 5120K, 0% used [0x00000000dab00000,0x00000000dab00000,0x00000000db000000)
 ParOldGen       total 84992K, used 13071K [0x0000000084600000, 0x0000000089900000, 0x00000000d6d00000)
  object space 84992K, 15% used [0x0000000084600000,0x00000000852c3cf0,0x0000000089900000)
 Metaspace       used 19703K, capacity 20008K, committed 20224K, reserved 1067008K
  class space    used 2105K, capacity 2195K, committed 2304K, reserved 1048576K
Event: 1.151 GC heap after
Heap after GC invocations=5 (full 0):
 PSYoungGen      total 68608K, used 5111K [0x00000000d6d00000, 0x00000000e0b00000, 0x0000000100000000)
  eden space 63488K, 0% used [0x00000000d6d00000,0x00000000d6d00000,0x00000000dab00000)
  from space 5120K, 99% used [0x00000000dab00000,0x00000000daffdc90,0x00000000db000000)
  to   space 17408K, 0% used [0x00000000dfa00000,0x00000000dfa00000,0x00000000e0b00000)
 ParOldGen       total 84992K, used 23174K [0x0000000084600000, 0x0000000089900000, 0x00000000d6d00000)
  object space 84992K, 27% used [0x0000000084600000,0x0000000085ca1a30,0x0000000089900000)
 Metaspace       used 19703K, capacity 20008K, committed 20224K, reserved 1067008K
  class space    used 2105K, capacity 2195K, committed 2304K, reserved 1048576K
}
Event: 1.301 GC heap before
{Heap before GC invocations=6 (full 0):
 PSYoungGen      total 68608K, used 33028K [0x00000000d6d00000, 0x00000000e0b00000, 0x0000000100000000)
  eden space 63488K, 43% used [0x00000000d6d00000,0x00000000d8843550,0x00000000dab00000)
  from space 5120K, 99% used [0x00000000dab00000,0x00000000daffdc90,0x00000000db000000)
  to   space 17408K, 0% used [0x00000000dfa00000,0x00000000dfa00000,0x00000000e0b00000)
 ParOldGen       total 84992K, used 23174K [0x0000000084600000, 0x0000000089900000, 0x00000000d6d00000)
  object space 84992K, 27% used [0x0000000084600000,0x0000000085ca1a30,0x0000000089900000)
 Metaspace       used 20886K, capacity 21134K, committed 21248K, reserved 1069056K
  class space    used 2198K, capacity 2294K, committed 2304K, reserved 1048576K
Event: 1.314 GC heap after
Heap after GC invocations=6 (full 0):
 PSYoungGen      total 144384K, used 12630K [0x00000000d6d00000, 0x00000000e0b00000, 0x0000000100000000)
  eden space 126976K, 0% used [0x00000000d6d00000,0x00000000d6d00000,0x00000000de900000)
  from space 17408K, 72% used [0x00000000dfa00000,0x00000000e0655a28,0x00000000e0b00000)
  to   space 17408K, 0% used [0x00000000de900000,0x00000000de900000,0x00000000dfa00000)
 ParOldGen       total 84992K, used 23174K [0x0000000084600000, 0x0000000089900000, 0x00000000d6d00000)
  object space 84992K, 27% used [0x0000000084600000,0x0000000085ca1a30,0x0000000089900000)
 Metaspace       used 20886K, capacity 21134K, committed 21248K, reserved 1069056K
  class space    used 2198K, capacity 2294K, committed 2304K, reserved 1048576K
}
Event: 1.314 GC heap before
{Heap before GC invocations=7 (full 1):
 PSYoungGen      total 144384K, used 12630K [0x00000000d6d00000, 0x00000000e0b00000, 0x0000000100000000)
  eden space 126976K, 0% used [0x00000000d6d00000,0x00000000d6d00000,0x00000000de900000)
  from space 17408K, 72% used [0x00000000dfa00000,0x00000000e0655a28,0x00000000e0b00000)
  to   space 17408K, 0% used [0x00000000de900000,0x00000000de900000,0x00000000dfa00000)
 ParOldGen       total 84992K, used 23174K [0x0000000084600000, 0x0000000089900000, 0x00000000d6d00000)
  object space 84992K, 27% used [0x0000000084600000,0x0000000085ca1a30,0x0000000089900000)
 Metaspace       used 20886K, capacity 21134K, committed 21248K, reserved 1069056K
  class space    used 2198K, capacity 2294K, committed 2304K, reserved 1048576K
Event: 1.348 GC heap after
Heap after GC invocations=7 (full 1):
 PSYoungGen      total 144384K, used 0K [0x00000000d6d00000, 0x00000000e0b00000, 0x0000000100000000)
  eden space 126976K, 0% used [0x00000000d6d00000,0x00000000d6d00000,0x00000000de900000)
  from space 17408K, 0% used [0x00000000dfa00000,0x00000000dfa00000,0x00000000e0b00000)
  to   space 17408K, 0% used [0x00000000de900000,0x00000000de900000,0x00000000dfa00000)
 ParOldGen       total 68096K, used 18395K [0x0000000084600000, 0x0000000088880000, 0x00000000d6d00000)
  object space 68096K, 27% used [0x0000000084600000,0x00000000857f6cf0,0x0000000088880000)
 Metaspace       used 20886K, capacity 21134K, committed 21248K, reserved 1069056K
  class space    used 2198K, capacity 2294K, committed 2304K, reserved 1048576K
}

