# JRE version: OpenJDK Runtime Environment (8.0_102-b14) (build 1.8.0_102-b14)
# Java VM: OpenJDK 64-Bit Server VM (25.102-b14 mixed mode linux-amd64 compressed oops)
Heap:
 PSYoungGen      total 134656K, used 9689K [0x00000000d6d00000, 0x00000000e0200000, 0x0000000100000000)
  eden space 124416K, 7% used [0x00000000d6d00000,0x00000000d76765d8,0x00000000de680000)
  from space 10240K, 0% used [0x00000000df300000,0x00000000df300000,0x00000000dfd00000)
  to   space 12800K, 0% used [0x00000000de680000,0x00000000de680000,0x00000000df300000)
 ParOldGen       total 64512K, used 18299K [0x0000000084600000, 0x0000000088500000, 0x00000000d6d00000)
  object space 64512K, 28% used [0x0000000084600000,0x00000000857dee98,0x0000000088500000)
 Metaspace       used 21744K, capacity 22062K, committed 22400K, reserved 1069056K
  class space    used 2296K, capacity 2390K, committed 2432K, reserved 1048576K
GC Heap History (10 events):
Event: 0.835 GC heap before
{Heap before GC invocations=3 (full 0):
 PSYoungGen      total 36864K, used 36837K [0x00000000d6d00000, 0x00000000db500000, 0x0000000100000000)
  eden space 31744K, 100% used [0x00000000d6d00000,0x00000000d8c00000,0x00000000d8c00000)
  from space 5120K, 99% used [0x00000000d9100000,0x00000000d95f9500,0x00000000d9600000)
  to   space 5120K, 0% used [0x00000000d8c00000,0x00000000d8c00000,0x00000000d9100000)
 ParOldGen       total 84992K, used 2210K [0x0000000084600000, 0x0000000089900000, 0x00000000d6d00000)
  object space 84992K, 2% used [0x0000000084600000,0x00000000848289a8,0x0000000089900000)
 Metaspace       used 19277K, capacity 19536K, committed 19968K, reserved 1067008K
  class space    used 2090K, capacity 2193K, committed 2304K, reserved 1048576K
Event: 0.839 GC heap after
Heap after GC invocations=3 (full 0):
 PSYoungGen      total 36864K, used 5093K [0x00000000d6d00000, 0x00000000db500000, 0x0000000100000000)
  eden space 31744K, 0% used [0x00000000d6d00000,0x00000000d6d00000,0x00000000d8c00000)
  from space 5120K, 99% used [0x00000000d8c00000,0x00000000d90f9420,0x00000000d9100000)
  to   space 5120K, 0% used [0x00000000db000000,0x00000000db000000,0x00000000db500000)
 ParOldGen       total 84992K, used 4275K [0x0000000084600000, 0x0000000089900000, 0x00000000d6d00000)
  object space 84992K, 5% used [0x0000000084600000,0x0000000084a2cdb8,0x0000000089900000)
 Metaspace       used 19277K, capacity 19536K, committed 19968K, reserved 1067008K
  class space    used 2090K, capacity 2193K, committed 2304K, reserved 1048576K
}
Event: 0.927 GC heap before
{Heap before GC invocations=4 (full 0):
 PSYoungGen      total 36864K, used 36837K [0x00000000d6d00000, 0x00000000db500000, 0x0000000100000000)
  eden space 31744K, 100% used [0x00000000d6d00000,0x00000000d8c00000,0x00000000d8c00000)
  from space 5120K, 99% used [0x00000000d8c00000,0x00000000d90f9420,0x00000000d9100000)
  to   space 5120K, 0% used [0x00000000db000000,0x00000000db000000,0x00000000db500000)
 ParOldGen       total 84992K, used 4275K [0x0000000084600000, 0x0000000089900000, 0x00000000d6d00000)
  object space 84992K, 5% used [0x0000000084600000,0x0000000084a2cdb8,0x0000000089900000)
 Metaspace       used 19480K, capacity 19742K, committed 19968K, reserved 1067008K
  class space    used 2104K, capacity 2194K, committed 2304K, reserved 1048576K
Event: 0.942 GC heap after
Heap after GC invocations=4 (full 0):
 PSYoungGen      total 68608K, used 5117K [0x00000000d6d00000, 0x00000000db500000, 0x0000000100000000)
  eden space 63488K, 0% used [0x00000000d6d00000,0x00000000d6d00000,0x00000000dab00000)
  from space 5120K, 99% used [0x00000000db000000,0x00000000db4ff5d0,0x00000000db500000)
  to   space 5120K, 0% used [0x00000000dab00000,0x00000000dab00000,0x00000000db000000)
 ParOldGen       total 84992K, used 7181K [0x0000000084600000, 0x0000000089900000, 0x00000000d6d00000)
  object space 84992K, 8% used [0x0000000084600000,0x0000000084d03728,0x0000000089900000)
 Metaspace       used 19480K, capacity 19742K, committed 19968K, reserved 1067008K
  class space    used 2104K, capacity 2194K, committed 2304K, reserved 1048576K
}
Event: 1.063 GC heap before
{Heap before GC invocations=5 (full 0):
 PSYoungGen      total 68608K, used 68605K [0x00000000d6d00000, 0x00000000db500000, 0x0000000100000000)
  eden space 63488K, 100% used [0x00000000d6d00000,0x00000000dab00000,0x00000000dab00000)
  from space 5120K, 99% used [0x00000000db000000,0x00000000db4ff5d0,0x00000000db500000)
  to   space 5120K, 0% used [0x00000000dab00000,0x00000000dab00000,0x00000000db000000)
 ParOldGen       total 84992K, used 7181K [0x0000000084600000, 0x0000000089900000, 0x00000000d6d00000)
  object space 84992K, 8% used [0x0000000084600000,0x0000000084d03728,0x0000000089900000)
 Metaspace       used 19727K, capacity 20008K, committed 20224K, reserved 1067008K
  class space    used 2105K, capacity 2195K, committed 2304K, reserved 1048576K
Event: 1.073 GC heap after
Heap after GC invocations=5 (full 0):
 PSYoungGen      total 68608K, used 5104K [0x00000000d6d00000, 0x00000000dfd00000, 0x0000000100000000)
  eden space 63488K, 0% used [0x00000000d6d00000,0x00000000d6d00000,0x00000000dab00000)
  from space 5120K, 99% used [0x00000000dab00000,0x00000000daffc0d0,0x00000000db000000)
  to   space 10240K, 0% used [0x00000000df300000,0x00000000df300000,0x00000000dfd00000)
 ParOldGen       total 84992K, used 11839K [0x0000000084600000, 0x0000000089900000, 0x00000000d6d00000)
  object space 84992K, 13% used [0x0000000084600000,0x000000008518ff18,0x0000000089900000)
 Metaspace       used 19727K, capacity 20008K, committed 20224K, reserved 1067008K
  class space    used 2105K, capacity 2195K, committed 2304K, reserved 1048576K
}
Event: 1.210 GC heap before
{Heap before GC invocations=6 (full 0):
 PSYoungGen      total 68608K, used 33154K [0x00000000d6d00000, 0x00000000dfd00000, 0x0000000100000000)
  eden space 63488K, 44% used [0x00000000d6d00000,0x00000000d8864a40,0x00000000dab00000)
  from space 5120K, 99% used [0x00000000dab00000,0x00000000daffc0d0,0x00000000db000000)
  to   space 10240K, 0% used [0x00000000df300000,0x00000000df300000,0x00000000dfd00000)
 ParOldGen       total 84992K, used 11839K [0x0000000084600000, 0x0000000089900000, 0x00000000d6d00000)
  object space 84992K, 13% used [0x0000000084600000,0x000000008518ff18,0x0000000089900000)
 Metaspace       used 20892K, capacity 21134K, committed 21248K, reserved 1069056K
  class space    used 2198K, capacity 2294K, committed 2304K, reserved 1048576K
Event: 1.222 GC heap after
Heap after GC invocations=6 (full 0):
 PSYoungGen      total 134656K, used 10226K [0x00000000d6d00000, 0x00000000e0200000, 0x0000000100000000)
  eden space 124416K, 0% used [0x00000000d6d00000,0x00000000d6d00000,0x00000000de680000)
  from space 10240K, 99% used [0x00000000df300000,0x00000000dfcfca10,0x00000000dfd00000)
  to   space 12800K, 0% used [0x00000000de680000,0x00000000de680000,0x00000000df300000)
 ParOldGen       total 84992K, used 14268K [0x0000000084600000, 0x0000000089900000, 0x00000000d6d00000)
  object space 84992K, 16% used [0x0000000084600000,0x00000000853ef380,0x0000000089900000)
 Metaspace       used 20892K, capacity 21134K, committed 21248K, reserved 1069056K
  class space    used 2198K, capacity 2294K, committed 2304K, reserved 1048576K
}
Event: 1.222 GC heap before
{Heap before GC invocations=7 (full 1):
 PSYoungGen      total 134656K, used 10226K [0x00000000d6d00000, 0x00000000e0200000, 0x0000000100000000)
  eden space 124416K, 0% used [0x00000000d6d00000,0x00000000d6d00000,0x00000000de680000)
  from space 10240K, 99% used [0x00000000df300000,0x00000000dfcfca10,0x00000000dfd00000)
  to   space 12800K, 0% used [0x00000000de680000,0x00000000de680000,0x00000000df300000)
 ParOldGen       total 84992K, used 14268K [0x0000000084600000, 0x0000000089900000, 0x00000000d6d00000)
  object space 84992K, 16% used [0x0000000084600000,0x00000000853ef380,0x0000000089900000)
 Metaspace       used 20892K, capacity 21134K, committed 21248K, reserved 1069056K
  class space    used 2198K, capacity 2294K, committed 2304K, reserved 1048576K
Event: 1.257 GC heap after
Heap after GC invocations=7 (full 1):
 PSYoungGen      total 134656K, used 0K [0x00000000d6d00000, 0x00000000e0200000, 0x0000000100000000)
  eden space 124416K, 0% used [0x00000000d6d00000,0x00000000d6d00000,0x00000000de680000)
  from space 10240K, 0% used [0x00000000df300000,0x00000000df300000,0x00000000dfd00000)
  to   space 12800K, 0% used [0x00000000de680000,0x00000000de680000,0x00000000df300000)
 ParOldGen       total 64512K, used 18299K [0x0000000084600000, 0x0000000088500000, 0x00000000d6d00000)
  object space 64512K, 28% used [0x0000000084600000,0x00000000857dee98,0x0000000088500000)
 Metaspace       used 20892K, capacity 21134K, committed 21248K, reserved 1069056K
  class space    used 2198K, capacity 2294K, committed 2304K, reserved 1048576K
}

